This is pdfTeX, Version 3.14159265-2.6-1.40.21 (MiKTeX 2.9.7400 64-bit) (preloaded format=pdflatex 2020.5.1)  25 MAY 2020 01:19
entering extended mode
**./Rapport_fin_mars_AM.tex
(Rapport_fin_mars_AM.tex
LaTeX2e <2020-02-02> patch level 5
L3 programming layer <2020-04-06>
(C:\Users\AYMAN\AppData\Local\Programs\MiKTeX\tex/latex/base\article.cls
Document Class: article 2019/12/20 v1.4l Standard LaTeX document class
(C:\Users\AYMAN\AppData\Local\Programs\MiKTeX\tex/latex/base\size10.clo
File: size10.clo 2019/12/20 v1.4l Standard LaTeX file (size option)
)
\c@part=\count167
\c@section=\count168
\c@subsection=\count169
\c@subsubsection=\count170
\c@paragraph=\count171
\c@subparagraph=\count172
\c@figure=\count173
\c@table=\count174
\abovecaptionskip=\skip47
\belowcaptionskip=\skip48
\bibindent=\dimen134
)
(C:\Users\AYMAN\AppData\Local\Programs\MiKTeX\tex/latex/base\inputenc.sty
Package: inputenc 2018/08/11 v1.3c Input encoding file
\inpenc@prehook=\toks15
\inpenc@posthook=\toks16
)
(C:\Users\AYMAN\AppData\Local\Programs\MiKTeX\tex/latex/natbib\natbib.sty
Package: natbib 2010/09/13 8.31b (PWD, AO)
\bibhang=\skip49
\bibsep=\skip50
LaTeX Info: Redefining \cite on input line 694.
\c@NAT@ctr=\count175
)
(C:\Users\AYMAN\AppData\Local\Programs\MiKTeX\tex/latex/graphics\graphicx.sty
Package: graphicx 2019/11/30 v1.2a Enhanced LaTeX Graphics (DPC,SPQR)

(C:\Users\AYMAN\AppData\Local\Programs\MiKTeX\tex/latex/graphics\keyval.sty
Package: keyval 2014/10/28 v1.15 key=value parser (DPC)
\KV@toks@=\toks17
)
(C:\Users\AYMAN\AppData\Local\Programs\MiKTeX\tex/latex/graphics\graphics.sty
Package: graphics 2019/11/30 v1.4a Standard LaTeX Graphics (DPC,SPQR)

(C:\Users\AYMAN\AppData\Local\Programs\MiKTeX\tex/latex/graphics\trig.sty
Package: trig 2016/01/03 v1.10 sin cos tan (DPC)
)
(C:\Users\AYMAN\AppData\Local\Programs\MiKTeX\tex/latex/graphics-cfg\graphics.c
fg
File: graphics.cfg 2016/06/04 v1.11 sample graphics configuration
)
Package graphics Info: Driver file: pdftex.def on input line 105.

(C:\Users\AYMAN\AppData\Local\Programs\MiKTeX\tex/latex/graphics-def\pdftex.def
File: pdftex.def 2018/01/08 v1.0l Graphics/color driver for pdftex
))
\Gin@req@height=\dimen135
\Gin@req@width=\dimen136
)
(C:\Users\AYMAN\AppData\Local\Programs\MiKTeX\tex/latex/matlab-prettifier\matla
b-prettifier.sty
Package: matlab-prettifier 2014/06/19 v0.3 A package for prettyprinting Matlab 
source code

(C:\Users\AYMAN\AppData\Local\Programs\MiKTeX\tex/latex/base\textcomp.sty
Package: textcomp 2020/02/02 v2.0n Standard LaTeX package
)
(C:\Users\AYMAN\AppData\Local\Programs\MiKTeX\tex/latex/xcolor\xcolor.sty
Package: xcolor 2016/05/11 v2.12 LaTeX color extensions (UK)

(C:\Users\AYMAN\AppData\Local\Programs\MiKTeX\tex/latex/graphics-cfg\color.cfg
File: color.cfg 2016/01/02 v1.6 sample color configuration
)
Package xcolor Info: Driver file: pdftex.def on input line 225.
Package xcolor Info: Model `cmy' substituted by `cmy0' on input line 1348.
Package xcolor Info: Model `hsb' substituted by `rgb' on input line 1352.
Package xcolor Info: Model `RGB' extended on input line 1364.
Package xcolor Info: Model `HTML' substituted by `rgb' on input line 1366.
Package xcolor Info: Model `Hsb' substituted by `hsb' on input line 1367.
Package xcolor Info: Model `tHsb' substituted by `hsb' on input line 1368.
Package xcolor Info: Model `HSB' substituted by `hsb' on input line 1369.
Package xcolor Info: Model `Gray' substituted by `gray' on input line 1370.
Package xcolor Info: Model `wave' substituted by `hsb' on input line 1371.
) (C:\Users\AYMAN\AppData\Local\Programs\MiKTeX\tex/latex/listings\listings.sty
\lst@mode=\count176
\lst@gtempboxa=\box45
\lst@token=\toks18
\lst@length=\count177
\lst@currlwidth=\dimen137
\lst@column=\count178
\lst@pos=\count179
\lst@lostspace=\dimen138
\lst@width=\dimen139
\lst@newlines=\count180
\lst@lineno=\count181
\lst@maxwidth=\dimen140
(C:\Users\AYMAN\AppData\Local\Programs\MiKTeX\tex/latex/listings\lstmisc.sty
File: lstmisc.sty 2020/03/24 1.8d (Carsten Heinz)
\c@lstnumber=\count182
\lst@skipnumbers=\count183
\lst@framebox=\box46
)
(C:\Users\AYMAN\AppData\Local\Programs\MiKTeX\tex/latex/listings\listings.cfg
File: listings.cfg 2020/03/24 1.8d listings configuration
))
Package: listings 2020/03/24 1.8d (Carsten Heinz)
\netBracketCount@mlpr=\count184
\blkLvl@mlpr=\count185
\blkLvlAtClassdef@mlpr=\count186
\emHeight@mlpr=\skip51
\jayDepth@mlpr=\skip52
\sectionRuleOffset@mlpr=\skip53
\toks@mlpr=\toks19
) (C:\Users\AYMAN\AppData\Local\Programs\MiKTeX\tex/latex/amsmath\amsmath.sty
Package: amsmath 2020/01/20 v2.17e AMS math features
\@mathmargin=\skip54

For additional information on amsmath, use the `?' option.
(C:\Users\AYMAN\AppData\Local\Programs\MiKTeX\tex/latex/amsmath\amstext.sty
Package: amstext 2000/06/29 v2.01 AMS text

(C:\Users\AYMAN\AppData\Local\Programs\MiKTeX\tex/latex/amsmath\amsgen.sty
File: amsgen.sty 1999/11/30 v2.0 generic functions
\@emptytoks=\toks20
\ex@=\dimen141
))
(C:\Users\AYMAN\AppData\Local\Programs\MiKTeX\tex/latex/amsmath\amsbsy.sty
Package: amsbsy 1999/11/29 v1.2d Bold Symbols
\pmbraise@=\dimen142
)
(C:\Users\AYMAN\AppData\Local\Programs\MiKTeX\tex/latex/amsmath\amsopn.sty
Package: amsopn 2016/03/08 v2.02 operator names
)
\inf@bad=\count187
LaTeX Info: Redefining \frac on input line 227.
\uproot@=\count188
\leftroot@=\count189
LaTeX Info: Redefining \overline on input line 389.
\classnum@=\count190
\DOTSCASE@=\count191
LaTeX Info: Redefining \ldots on input line 486.
LaTeX Info: Redefining \dots on input line 489.
LaTeX Info: Redefining \cdots on input line 610.
\Mathstrutbox@=\box47
\strutbox@=\box48
\big@size=\dimen143
LaTeX Font Info:    Redeclaring font encoding OML on input line 733.
LaTeX Font Info:    Redeclaring font encoding OMS on input line 734.
\macc@depth=\count192
\c@MaxMatrixCols=\count193
\dotsspace@=\muskip16
\c@parentequation=\count194
\dspbrk@lvl=\count195
\tag@help=\toks21
\row@=\count196
\column@=\count197
\maxfields@=\count198
\andhelp@=\toks22
\eqnshift@=\dimen144
\alignsep@=\dimen145
\tagshift@=\dimen146
\tagwidth@=\dimen147
\totwidth@=\dimen148
\lineht@=\dimen149
\@envbody=\toks23
\multlinegap=\skip55
\multlinetaggap=\skip56
\mathdisplay@stack=\toks24
LaTeX Info: Redefining \[ on input line 2859.
LaTeX Info: Redefining \] on input line 2860.
)
(C:\Users\AYMAN\AppData\Local\Programs\MiKTeX\tex/latex/amsfonts\amssymb.sty
Package: amssymb 2013/01/14 v3.01 AMS font symbols

(C:\Users\AYMAN\AppData\Local\Programs\MiKTeX\tex/latex/amsfonts\amsfonts.sty
Package: amsfonts 2013/01/14 v3.01 Basic AMSFonts support
\symAMSa=\mathgroup4
\symAMSb=\mathgroup5
LaTeX Font Info:    Redeclaring math symbol \hbar on input line 98.
LaTeX Font Info:    Overwriting math alphabet `\mathfrak' in version `bold'
(Font)                  U/euf/m/n --> U/euf/b/n on input line 106.
)) (C:\Users\AYMAN\AppData\Local\Programs\MiKTeX\tex/latex/url\url.sty
\Urlmuskip=\muskip17
Package: url 2013/09/16  ver 3.4  Verb mode for urls, etc.
)
(C:\Users\AYMAN\AppData\Local\Programs\MiKTeX\tex/latex/caption\caption.sty
Package: caption 2020/01/03 v3.4h Customizing captions (AR)

(C:\Users\AYMAN\AppData\Local\Programs\MiKTeX\tex/latex/caption\caption3.sty
Package: caption3 2020/01/03 v1.8h caption3 kernel (AR)
Package caption3 Info: TeX engine: e-TeX on input line 61.
\captionmargin=\dimen150
\captionmargin@=\dimen151
\captionwidth=\dimen152
\caption@tempdima=\dimen153
\caption@indent=\dimen154
\caption@parindent=\dimen155
\caption@hangindent=\dimen156
Package caption Info: Standard document class detected.
)
\c@caption@flags=\count199
\c@continuedfloat=\count266
Package caption Info: listings package is loaded.
)
(C:\Users\AYMAN\AppData\Local\Programs\MiKTeX\tex/latex/caption\subcaption.sty
Package: subcaption 2020/01/22 v1.3d Sub-captions (AR)
\c@subfigure=\count267
\c@subtable=\count268
) (C:\Users\AYMAN\AppData\Local\Programs\MiKTeX\tex/latex/float\float.sty
Package: float 2001/11/08 v1.3d Float enhancements (AL)
\c@float@type=\count269
\float@exts=\toks25
\float@box=\box49
\@float@everytoks=\toks26
\@floatcapt=\box50
)
(C:\Users\AYMAN\AppData\Local\Programs\MiKTeX\tex/latex/algorithm2e\algorithm2e
.sty
Package: algorithm2e 2017/07/18 v5.2 algorithms environments
\c@AlgoLine=\count270
 (C:\Users\AYMAN\AppData\Local\Programs\MiKTeX\tex/latex/base\ifthen.sty
Package: ifthen 2014/09/29 v1.1c Standard LaTeX ifthen package (DPC)
)
\algocf@hangindent=\skip57

(C:\Users\AYMAN\AppData\Local\Programs\MiKTeX\tex/latex/ifoddpage\ifoddpage.sty
Package: ifoddpage 2016/04/23 v1.1 Conditionals for odd/even page detection
\c@checkoddpage=\count271
) (C:\Users\AYMAN\AppData\Local\Programs\MiKTeX\tex/latex/tools\xspace.sty
Package: xspace 2014/10/28 v1.13 Space after command names (DPC,MH)
)
(C:\Users\AYMAN\AppData\Local\Programs\MiKTeX\tex/latex/relsize\relsize.sty
Package: relsize 2013/03/29 ver 4.1
)
\skiptotal=\skip58
\skiplinenumber=\skip59
\skiprule=\skip60
\skiphlne=\skip61
\skiptext=\skip62
\skiplength=\skip63
\algomargin=\skip64
\skipalgocfslide=\skip65
\algowidth=\dimen157
\inoutsize=\dimen158
\inoutindent=\dimen159
\interspacetitleruled=\dimen160
\interspacealgoruled=\dimen161
\interspacetitleboxruled=\dimen162
\algocf@ruledwidth=\skip66
\algocf@inoutbox=\box51
\algocf@inputbox=\box52
\AlCapSkip=\skip67
\AlCapHSkip=\skip68
\algoskipindent=\skip69
\algocf@nlbox=\box53
\algocf@hangingbox=\box54
\algocf@untilbox=\box55
\algocf@skipuntil=\skip70
\algocf@capbox=\box56
\algocf@lcaptionbox=\skip71
\algoheightruledefault=\skip72
\algoheightrule=\skip73
\algotitleheightruledefault=\skip74
\algotitleheightrule=\skip75
\c@algocfline=\count272
\c@algocfproc=\count273
\c@algocf=\count274
\algocf@algoframe=\box57
\algocf@algobox=\box58
)
(C:\Users\AYMAN\AppData\Local\Programs\MiKTeX\tex/latex/algorithmicx\algpseudoc
ode.sty
Package: algpseudocode 

(C:\Users\AYMAN\AppData\Local\Programs\MiKTeX\tex/latex/algorithmicx\algorithmi
cx.sty
Package: algorithmicx 2005/04/27 v1.2 Algorithmicx

Document Style algorithmicx 1.2 - a greatly improved `algorithmic' style
\c@ALG@line=\count275
\c@ALG@rem=\count276
\c@ALG@nested=\count277
\ALG@tlm=\skip76
\ALG@thistlm=\skip77
\c@ALG@Lnr=\count278
\c@ALG@blocknr=\count279
\c@ALG@storecount=\count280
\c@ALG@tmpcounter=\count281
\ALG@tmplength=\skip78
)
Document Style - pseudocode environments for use with the `algorithmicx' style
)
\@indexfile=\write3
\openout3 = `Rapport_fin_mars_AM.idx'.


Writing index file Rapport_fin_mars_AM.idx

(C:\Users\AYMAN\AppData\Local\Programs\MiKTeX\tex/latex/l3backend\l3backend-pdf
mode.def
File: l3backend-pdfmode.def 2020-03-12 L3 backend support: PDF mode
\l__kernel_color_stack_int=\count282
\l__pdf_internal_box=\box59
) (Rapport_fin_mars_AM.aux

! Package natbib Error: Bibliography not compatible with author-year citations.

(natbib)                Press <return> to continue in numerical citation style.


See the natbib package documentation for explanation.
Type  H <return>  for immediate help.
 ...                                              
                                                  
l.170 ...and\NAT@force@numbers{}\NAT@force@numbers
                                                  
? 
)
\openout1 = `Rapport_fin_mars_AM.aux'.

LaTeX Font Info:    Checking defaults for OML/cmm/m/it on input line 66.
LaTeX Font Info:    ... okay on input line 66.
LaTeX Font Info:    Checking defaults for OMS/cmsy/m/n on input line 66.
LaTeX Font Info:    ... okay on input line 66.
LaTeX Font Info:    Checking defaults for OT1/cmr/m/n on input line 66.
LaTeX Font Info:    ... okay on input line 66.
LaTeX Font Info:    Checking defaults for T1/cmr/m/n on input line 66.
LaTeX Font Info:    ... okay on input line 66.
LaTeX Font Info:    Checking defaults for TS1/cmr/m/n on input line 66.
LaTeX Font Info:    ... okay on input line 66.
LaTeX Font Info:    Checking defaults for OMX/cmex/m/n on input line 66.
LaTeX Font Info:    ... okay on input line 66.
LaTeX Font Info:    Checking defaults for U/cmr/m/n on input line 66.
LaTeX Font Info:    ... okay on input line 66.

(C:\Users\AYMAN\AppData\Local\Programs\MiKTeX\tex/context/base/mkii\supp-pdf.mk
ii
[Loading MPS to PDF converter (version 2006.09.02).]
\scratchcounter=\count283
\scratchdimen=\dimen163
\scratchbox=\box60
\nofMPsegments=\count284
\nofMParguments=\count285
\everyMPshowfont=\toks27
\MPscratchCnt=\count286
\MPscratchDim=\dimen164
\MPnumerator=\count287
\makeMPintoPDFobject=\count288
\everyMPtoPDFconversion=\toks28
)
(C:\Users\AYMAN\AppData\Local\Programs\MiKTeX\tex/latex/epstopdf-pkg\epstopdf-b
ase.sty
Package: epstopdf-base 2020-01-24 v2.11 Base part for package epstopdf

(C:\Users\AYMAN\AppData\Local\Programs\MiKTeX\tex/generic/infwarerr\infwarerr.s
ty
Package: infwarerr 2019/12/03 v1.5 Providing info/warning/error messages (HO)
) (C:\Users\AYMAN\AppData\Local\Programs\MiKTeX\tex/latex/grfext\grfext.sty
Package: grfext 2019/12/03 v1.3 Manage graphics extensions (HO)

(C:\Users\AYMAN\AppData\Local\Programs\MiKTeX\tex/generic/kvdefinekeys\kvdefine
keys.sty
Package: kvdefinekeys 2019-12-19 v1.6 Define keys (HO)
))
(C:\Users\AYMAN\AppData\Local\Programs\MiKTeX\tex/latex/kvoptions\kvoptions.sty
Package: kvoptions 2019/11/29 v3.13 Key value format for package options (HO)
(C:\Users\AYMAN\AppData\Local\Programs\MiKTeX\tex/generic/ltxcmds\ltxcmds.sty
Package: ltxcmds 2019/12/15 v1.24 LaTeX kernel commands for general use (HO)
)
(C:\Users\AYMAN\AppData\Local\Programs\MiKTeX\tex/generic/kvsetkeys\kvsetkeys.s
ty
Package: kvsetkeys 2019/12/15 v1.18 Key value parser (HO)
))
(C:\Users\AYMAN\AppData\Local\Programs\MiKTeX\tex/latex/pdftexcmds\pdftexcmds.s
ty
Package: pdftexcmds 2019/11/24 v0.31 Utility functions of pdfTeX for LuaTeX (HO
)
 (C:\Users\AYMAN\AppData\Local\Programs\MiKTeX\tex/generic/iftex\iftex.sty
Package: iftex 2020/03/06 v1.0d TeX engine tests
)
Package pdftexcmds Info: \pdf@primitive is available.
Package pdftexcmds Info: \pdf@ifprimitive is available.
Package pdftexcmds Info: \pdfdraftmode found.
)
Package epstopdf-base Info: Redefining graphics rule for `.eps' on input line 4
85.
Package grfext Info: Graphics extension search list:
(grfext)             [.pdf,.png,.jpg,.mps,.jpeg,.jbig2,.jb2,.PDF,.PNG,.JPG,.JPE
G,.JBIG2,.JB2,.eps]
(grfext)             \AppendGraphicsExtensions on input line 504.
)
\c@lstlisting=\count289
Package caption Info: Begin \AtBeginDocument code.
Package caption Info: float package is loaded.
Package caption Info: End \AtBeginDocument code.
<pictures/logo_nouveau.jpg, id=1, 1087.06125pt x 318.18875pt>
File: pictures/logo_nouveau.jpg Graphic file (type jpg)
<use pictures/logo_nouveau.jpg>
Package pdftex.def Info: pictures/logo_nouveau.jpg  used on input line 91.
(pdftex.def)             Requested size: 241.49895pt x 70.68631pt.
[1

{C:/Users/AYMAN/AppData/Local/MiKTeX/2.9/pdftex/config/pdftex.map} <./pictures/
logo_nouveau.jpg>] (Rapport_fin_mars_AM.toc
LaTeX Font Info:    Trying to load font information for U+msa on input line 4.

(C:\Users\AYMAN\AppData\Local\Programs\MiKTeX\tex/latex/amsfonts\umsa.fd
File: umsa.fd 2013/01/14 v3.01 AMS symbols A
)
LaTeX Font Info:    Trying to load font information for U+msb on input line 4.

(C:\Users\AYMAN\AppData\Local\Programs\MiKTeX\tex/latex/amsfonts\umsb.fd
File: umsb.fd 2013/01/14 v3.01 AMS symbols B
))
\tf@toc=\write4
\openout4 = `Rapport_fin_mars_AM.toc'.


[1]
Underfull \hbox (badness 10000) in paragraph at lines 110--111

 []


Underfull \hbox (badness 10000) in paragraph at lines 112--113

 []


Underfull \hbox (badness 10000) in paragraph at lines 114--115

 []

[2] [3] [4] [5] [6] [7] [8]
Underfull \hbox (badness 10000) in paragraph at lines 261--262

 []

[9]
<pictures/citymapper_experiment/Citymapper_experiment_1.jpg, id=40, 1927.2pt x 
1084.05pt>
File: pictures/citymapper_experiment/Citymapper_experiment_1.jpg Graphic file (
type jpg)
<use pictures/citymapper_experiment/Citymapper_experiment_1.jpg>
Package pdftex.def Info: pictures/citymapper_experiment/Citymapper_experiment_1
.jpg  used on input line 277.
(pdftex.def)             Requested size: 345.0pt x 194.06194pt.
<pictures/citymapper_experiment/Citymapper_experiment_2.jpg, id=41, 1927.2pt x 
1084.05pt>
File: pictures/citymapper_experiment/Citymapper_experiment_2.jpg Graphic file (
type jpg)
<use pictures/citymapper_experiment/Citymapper_experiment_2.jpg>
Package pdftex.def Info: pictures/citymapper_experiment/Citymapper_experiment_2
.jpg  used on input line 282.
(pdftex.def)             Requested size: 345.0pt x 194.06194pt.
 [10 <./pictures/citymapper_experiment/Citymapper_experiment_1.jpg> <./pictures
/citymapper_experiment/Citymapper_experiment_2.jpg>] [11] [12] [13] [14]
<pictures/Display_problem.png, id=59, 808.01875pt x 790.955pt>
File: pictures/Display_problem.png Graphic file (type png)
<use pictures/Display_problem.png>
Package pdftex.def Info: pictures/Display_problem.png  used on input line 413.
(pdftex.def)             Requested size: 323.20177pt x 316.3764pt.

[15] [16 <./pictures/Display_problem.png>] [17] [18]
<pictures/pmedian.png, id=77, 512.91624pt x 362.35374pt>
File: pictures/pmedian.png Graphic file (type png)
<use pictures/pmedian.png>
Package pdftex.def Info: pictures/pmedian.png  used on input line 480.
(pdftex.def)             Requested size: 345.0pt x 243.72675pt.


LaTeX Warning: Command \textellipsis invalid in math mode on input line 492.


Overfull \hbox (42.42459pt too wide) detected at line 511
[]
 []

[19 <./pictures/pmedian.png>] [20]
<pictures/Time_sequence.png, id=88, 721.69624pt x 231.86626pt>
File: pictures/Time_sequence.png Graphic file (type png)
<use pictures/Time_sequence.png>
Package pdftex.def Info: pictures/Time_sequence.png  used on input line 574.
(pdftex.def)             Requested size: 345.0pt x 110.84166pt.
 [21 <./pictures/Time_sequence.png>]
<pictures/time_sequence_with_manystations.png, id=93, 671.50874pt x 482.80376pt
>
File: pictures/time_sequence_with_manystations.png Graphic file (type png)
<use pictures/time_sequence_with_manystations.png>
Package pdftex.def Info: pictures/time_sequence_with_manystations.png  used on 
input line 590.
(pdftex.def)             Requested size: 345.0pt x 248.0463pt.

Underfull \hbox (badness 10000) in paragraph at lines 600--604

 []

[22 <./pictures/time_sequence_with_manystations.png>]
Overfull \hbox (27.0963pt too wide) detected at line 634
[]
 []

[23] [24]
LaTeX Font Info:    Trying to load font information for OMS+cmtt on input line 
663.
LaTeX Font Info:    No file OMScmtt.fd. on input line 663.


LaTeX Font Warning: Font shape `OMS/cmtt/m/n' undefined
(Font)              using `OMS/cmsy/m/n' instead
(Font)              for symbol `textbraceleft' on input line 663.

[25]
<pictures/pickup_stations.png, id=109, 332.24126pt x 251.94125pt>
File: pictures/pickup_stations.png Graphic file (type png)
<use pictures/pickup_stations.png>
Package pdftex.def Info: pictures/pickup_stations.png  used on input line 713.
(pdftex.def)             Requested size: 172.5pt x 130.81029pt.
 [26] [27 <./pictures/pickup_stations.png>]
<pictures/Timeslot.png, id=121, 442.65375pt x 227.85126pt>
File: pictures/Timeslot.png Graphic file (type png)
<use pictures/Timeslot.png>
Package pdftex.def Info: pictures/Timeslot.png  used on input line 792.
(pdftex.def)             Requested size: 241.49895pt x 124.31032pt.

Underfull \hbox (badness 10000) in paragraph at lines 818--820

 []

[28 <./pictures/Timeslot.png>] [29]
Overfull \hbox (0.38956pt too wide) in paragraph at lines 854--858
\OT1/cmr/m/n/10 tems and mo-bil-ity on de-mand sys-tems along with their so-lu-
tion ap-proaches.Then
 []

[30] (Rapport_fin_mars_AM.bbl
Underfull \hbox (badness 10000) in paragraph at lines 9--13
[]\OT1/cmr/m/it/10 ILE-DE-FRANCE - UNE []ETUDE D[]EMONTRE
 []


Underfull \hbox (badness 10000) in paragraph at lines 9--13
\OT1/cmr/m/it/10 L'AGGRAVATION DES EM-BOUTEIL-LAGES\OT1/cmr/m/n/10 , 2018.
 []


Underfull \hbox (badness 10000) in paragraph at lines 9--13
\OT1/cmr/m/n/10 Avail-able at $\OT1/cmtt/m/n/9 https : / / www . cnews . fr / f
rance / 2018-[]05-[]13 /
 []


Overfull \hbox (18.30449pt too wide) in paragraph at lines 9--13
\OT1/cmtt/m/n/9 ile-[]de-[]france-[]une-[]etude-[]demontre-[]laggravation-[]des
-[]embouteillages-[]781509$\OT1/cmr/m/n/10 . 
 []


Underfull \hbox (badness 5260) in paragraph at lines 15--18
[]\OT1/cmr/m/it/10 Can Shared Rides Re-duce Traf-fic Con-ges-tion\OT1/cmr/m/n/1
0 , 2019.  Avail-able
 []


Underfull \hbox (badness 10000) in paragraph at lines 15--18
\OT1/cmr/m/n/10 at $\OT1/cmtt/m/n/9 https : / / www . forbes . com / sites / fo
rbestechcouncil / 2019 / 07 / 11 /
 []

! Misplaced alignment tab character &.
l.21 ...ing and public transit,'' {\em Computers &
                                                  
? 
[31]
Underfull \hbox (badness 1448) in paragraph at lines 75--78
\OT1/cmr/m/it/10 2008, Province-town, MA, USA, May 30June 1, 2008, Pro-ceed-ing
s\OT1/cmr/m/n/10 ,
 []


Underfull \hbox (badness 10000) in paragraph at lines 85--91
[]\OT1/cmr/m/it/10 Ayman MAH-MOUD per-sonal ex-cel sheet for mo-bil-ity pro-
 []


Underfull \hbox (badness 10000) in paragraph at lines 85--91
\OT1/cmr/m/it/10 gram\OT1/cmr/m/n/10 , 2020.  Avail-able at $\OT1/cmtt/m/n/9 ht
tps : / / drive . google . com / open ? id =
 []


Underfull \hbox (badness 1117) in paragraph at lines 85--91
\OT1/cmtt/m/n/9 19cAP-[]A3xSmftsb2nN1b1vNBZ5aNCyeCs$\OT1/cmr/m/n/10 , the list 
is color coded w.r.t the
 []


Underfull \hbox (badness 10000) in paragraph at lines 114--117
\OT1/cmr/m/n/10 able at $\OT1/cmtt/m/n/9 https : / / ec . europa . eu / transpo
rt / sites / transport / files /
 []

[32]
! Misplaced alignment tab character &.
l.144   generation,'' {\em Computers &
                                       Operations Research}, vol.~38, no.~10,
? 
) [33] (Rapport_fin_mars_AM.aux)

LaTeX Font Warning: Some font shapes were not available, defaults substituted.

 ) 
Here is how much of TeX's memory you used:
 8347 strings out of 480930
 124786 string characters out of 2901658
 399103 words of memory out of 3000000
 24086 multiletter control sequences out of 15000+200000
 541694 words of font info for 61 fonts, out of 3000000 for 9000
 1141 hyphenation exceptions out of 8191
 41i,18n,42p,1516b,1660s stack positions out of 5000i,500n,10000p,200000b,50000s
 <C:\Users\AYMAN\AppData\Local\MiKTeX\2.9\fonts/pk/ljfour/jknappen/ec/dpi600\
tcrm1000.pk><C:/Users/AYMAN/AppData/Local/Programs/MiKTeX/fonts/type1/public/am
sfonts/cm/cmbx10.pfb><C:/Users/AYMAN/AppData/Local/Programs/MiKTeX/fonts/type1/
public/amsfonts/cm/cmbx12.pfb><C:/Users/AYMAN/AppData/Local/Programs/MiKTeX/fon
ts/type1/public/amsfonts/cm/cmbx7.pfb><C:/Users/AYMAN/AppData/Local/Programs/Mi
KTeX/fonts/type1/public/amsfonts/cm/cmex10.pfb><C:/Users/AYMAN/AppData/Local/Pr
ograms/MiKTeX/fonts/type1/public/amsfonts/cm/cmmi10.pfb><C:/Users/AYMAN/AppData
/Local/Programs/MiKTeX/fonts/type1/public/amsfonts/cm/cmmi7.pfb><C:/Users/AYMAN
/AppData/Local/Programs/MiKTeX/fonts/type1/public/amsfonts/cm/cmmi8.pfb><C:/Use
rs/AYMAN/AppData/Local/Programs/MiKTeX/fonts/type1/public/amsfonts/cm/cmr10.pfb
><C:/Users/AYMAN/AppData/Local/Programs/MiKTeX/fonts/type1/public/amsfonts/cm/c
mr7.pfb><C:/Users/AYMAN/AppData/Local/Programs/MiKTeX/fonts/type1/public/amsfon
ts/cm/cmr8.pfb><C:/Users/AYMAN/AppData/Local/Programs/MiKTeX/fonts/type1/public
/amsfonts/cm/cmr9.pfb><C:/Users/AYMAN/AppData/Local/Programs/MiKTeX/fonts/type1
/public/amsfonts/cm/cmsy10.pfb><C:/Users/AYMAN/AppData/Local/Programs/MiKTeX/fo
nts/type1/public/amsfonts/cm/cmsy7.pfb><C:/Users/AYMAN/AppData/Local/Programs/M
iKTeX/fonts/type1/public/amsfonts/cm/cmti10.pfb><C:/Users/AYMAN/AppData/Local/P
rograms/MiKTeX/fonts/type1/public/amsfonts/cm/cmtt10.pfb><C:/Users/AYMAN/AppDat
a/Local/Programs/MiKTeX/fonts/type1/public/amsfonts/cm/cmtt8.pfb><C:/Users/AYMA
N/AppData/Local/Programs/MiKTeX/fonts/type1/public/amsfonts/cm/cmtt9.pfb><C:/Us
ers/AYMAN/AppData/Local/Programs/MiKTeX/fonts/type1/public/amsfonts/symbols/msa
m10.pfb>
Output written on Rapport_fin_mars_AM.pdf (34 pages, 2128843 bytes).
PDF statistics:
 204 PDF objects out of 1000 (max. 8388607)
 0 named destinations out of 1000 (max. 500000)
 46 words of extra memory for PDF output out of 10000 (max. 10000000)

